build/app/intermediates/manifest_merge_blame_file/release/manifest-merger-blame-release-report.txt
1<?xml version="1.0" encoding="utf-8"?>
2<manifest xmlns:android="http://schemas.android.com/apk/res/android"
3    package="com.example.study_time_planner"
4    android:versionCode="1"
5    android:versionName="1.0.0" >
6
7    <uses-sdk
8        android:minSdkVersion="21"
9        android:targetSdkVersion="35" />
10
11    <!-- الصلاحيات الضرورية للإشعارات -->
12    <uses-permission android:name="android.permission.POST_NOTIFICATIONS" />
12-->src\main\AndroidManifest.xml:5:5-77
12-->src\main\AndroidManifest.xml:5:22-74
13    <uses-permission android:name="android.permission.RECEIVE_BOOT_COMPLETED" />
13-->src\main\AndroidManifest.xml:6:5-81
13-->src\main\AndroidManifest.xml:6:22-78
14    <uses-permission android:name="android.permission.VIBRATE" />
14-->src\main\AndroidManifest.xml:7:5-66
14-->src\main\AndroidManifest.xml:7:22-63
15
16    <!-- يسمح للتطبيق بفتح تطبيقات نصوص خارجية -->
17    <queries>
17-->src\main\AndroidManifest.xml:55:5-60:15
18        <intent>
18-->src\main\AndroidManifest.xml:56:9-59:18
19            <action android:name="android.intent.action.PROCESS_TEXT" />
19-->src\main\AndroidManifest.xml:57:13-73
19-->src\main\AndroidManifest.xml:57:21-70
20
21            <data android:mimeType="text/plain" />
21-->src\main\AndroidManifest.xml:58:13-51
21-->src\main\AndroidManifest.xml:58:19-48
22        </intent>
23    </queries>
24
25    <uses-permission android:name="android.permission.BROADCAST_CLOSE_SYSTEM_DIALOGS" />
25-->[:awesome_notifications] AndroidManifest.xml:8:5-89
25-->[:awesome_notifications] AndroidManifest.xml:8:22-86
26    <uses-permission
26-->[me.carda:AndroidAwnCore:0.9.3] AndroidManifest.xml:10:5-12:38
27        android:name="android.permission.BIND_NOTIFICATION_LISTENER_SERVICE"
27-->[me.carda:AndroidAwnCore:0.9.3] AndroidManifest.xml:11:9-77
28        android:maxSdkVersion="22" /> <!-- Although the *SdkVersion is captured in gradle build files, this is required for non gradle builds -->
28-->[me.carda:AndroidAwnCore:0.9.3] AndroidManifest.xml:12:9-35
29    <!-- <uses-sdk android:minSdkVersion="14" /> -->
30    <uses-permission android:name="android.permission.ACCESS_NETWORK_STATE" />
30-->[com.google.firebase:firebase-firestore:24.11.0] AndroidManifest.xml:10:5-79
30-->[com.google.firebase:firebase-firestore:24.11.0] AndroidManifest.xml:10:22-76
31    <uses-permission android:name="android.permission.INTERNET" />
31-->[com.google.firebase:firebase-firestore:24.11.0] AndroidManifest.xml:11:5-67
31-->[com.google.firebase:firebase-firestore:24.11.0] AndroidManifest.xml:11:22-64
32
33    <permission
33-->[androidx.core:core:1.13.1] AndroidManifest.xml:22:5-24:47
34        android:name="com.example.study_time_planner.DYNAMIC_RECEIVER_NOT_EXPORTED_PERMISSION"
34-->[androidx.core:core:1.13.1] AndroidManifest.xml:23:9-81
35        android:protectionLevel="signature" />
35-->[androidx.core:core:1.13.1] AndroidManifest.xml:24:9-44
36
37    <uses-permission android:name="com.example.study_time_planner.DYNAMIC_RECEIVER_NOT_EXPORTED_PERMISSION" /> <!-- for android -->
37-->[androidx.core:core:1.13.1] AndroidManifest.xml:26:5-97
37-->[androidx.core:core:1.13.1] AndroidManifest.xml:26:22-94
38    <!-- <uses-permission android:name="com.android.launcher.permission.READ_SETTINGS"/> -->
39    <!-- <uses-permission android:name="com.android.launcher.permission.WRITE_SETTINGS"/> -->
40    <!-- <uses-permission android:name="com.android.launcher.permission.INSTALL_SHORTCUT" /> -->
41    <!-- <uses-permission android:name="com.android.launcher.permission.UNINSTALL_SHORTCUT" /> -->
42    <!-- for Samsung -->
43    <uses-permission android:name="com.sec.android.provider.badge.permission.READ" />
43-->[me.leolin:ShortcutBadger:1.1.22] AndroidManifest.xml:19:5-86
43-->[me.leolin:ShortcutBadger:1.1.22] AndroidManifest.xml:19:22-83
44    <uses-permission android:name="com.sec.android.provider.badge.permission.WRITE" /> <!-- for htc -->
44-->[me.leolin:ShortcutBadger:1.1.22] AndroidManifest.xml:20:5-87
44-->[me.leolin:ShortcutBadger:1.1.22] AndroidManifest.xml:20:22-84
45    <uses-permission android:name="com.htc.launcher.permission.READ_SETTINGS" />
45-->[me.leolin:ShortcutBadger:1.1.22] AndroidManifest.xml:23:5-81
45-->[me.leolin:ShortcutBadger:1.1.22] AndroidManifest.xml:23:22-78
46    <uses-permission android:name="com.htc.launcher.permission.UPDATE_SHORTCUT" /> <!-- for sony -->
46-->[me.leolin:ShortcutBadger:1.1.22] AndroidManifest.xml:24:5-83
46-->[me.leolin:ShortcutBadger:1.1.22] AndroidManifest.xml:24:22-80
47    <uses-permission android:name="com.sonyericsson.home.permission.BROADCAST_BADGE" />
47-->[me.leolin:ShortcutBadger:1.1.22] AndroidManifest.xml:27:5-88
47-->[me.leolin:ShortcutBadger:1.1.22] AndroidManifest.xml:27:22-85
48    <uses-permission android:name="com.sonymobile.home.permission.PROVIDER_INSERT_BADGE" /> <!-- for apex -->
48-->[me.leolin:ShortcutBadger:1.1.22] AndroidManifest.xml:28:5-92
48-->[me.leolin:ShortcutBadger:1.1.22] AndroidManifest.xml:28:22-89
49    <uses-permission android:name="com.anddoes.launcher.permission.UPDATE_COUNT" /> <!-- for solid -->
49-->[me.leolin:ShortcutBadger:1.1.22] AndroidManifest.xml:31:5-84
49-->[me.leolin:ShortcutBadger:1.1.22] AndroidManifest.xml:31:22-81
50    <uses-permission android:name="com.majeur.launcher.permission.UPDATE_BADGE" /> <!-- for huawei -->
50-->[me.leolin:ShortcutBadger:1.1.22] AndroidManifest.xml:34:5-83
50-->[me.leolin:ShortcutBadger:1.1.22] AndroidManifest.xml:34:22-80
51    <uses-permission android:name="com.huawei.android.launcher.permission.CHANGE_BADGE" />
51-->[me.leolin:ShortcutBadger:1.1.22] AndroidManifest.xml:37:5-91
51-->[me.leolin:ShortcutBadger:1.1.22] AndroidManifest.xml:37:22-88
52    <uses-permission android:name="com.huawei.android.launcher.permission.READ_SETTINGS" />
52-->[me.leolin:ShortcutBadger:1.1.22] AndroidManifest.xml:38:5-92
52-->[me.leolin:ShortcutBadger:1.1.22] AndroidManifest.xml:38:22-89
53    <uses-permission android:name="com.huawei.android.launcher.permission.WRITE_SETTINGS" /> <!-- for ZUK -->
53-->[me.leolin:ShortcutBadger:1.1.22] AndroidManifest.xml:39:5-93
53-->[me.leolin:ShortcutBadger:1.1.22] AndroidManifest.xml:39:22-90
54    <uses-permission android:name="android.permission.READ_APP_BADGE" /> <!-- for OPPO -->
54-->[me.leolin:ShortcutBadger:1.1.22] AndroidManifest.xml:42:5-73
54-->[me.leolin:ShortcutBadger:1.1.22] AndroidManifest.xml:42:22-70
55    <uses-permission android:name="com.oppo.launcher.permission.READ_SETTINGS" />
55-->[me.leolin:ShortcutBadger:1.1.22] AndroidManifest.xml:45:5-82
55-->[me.leolin:ShortcutBadger:1.1.22] AndroidManifest.xml:45:22-79
56    <uses-permission android:name="com.oppo.launcher.permission.WRITE_SETTINGS" /> <!-- for EvMe -->
56-->[me.leolin:ShortcutBadger:1.1.22] AndroidManifest.xml:46:5-83
56-->[me.leolin:ShortcutBadger:1.1.22] AndroidManifest.xml:46:22-80
57    <uses-permission android:name="me.everything.badger.permission.BADGE_COUNT_READ" />
57-->[me.leolin:ShortcutBadger:1.1.22] AndroidManifest.xml:49:5-88
57-->[me.leolin:ShortcutBadger:1.1.22] AndroidManifest.xml:49:22-85
58    <uses-permission android:name="me.everything.badger.permission.BADGE_COUNT_WRITE" />
58-->[me.leolin:ShortcutBadger:1.1.22] AndroidManifest.xml:50:5-89
58-->[me.leolin:ShortcutBadger:1.1.22] AndroidManifest.xml:50:22-86
59
60    <application
60-->src\main\AndroidManifest.xml:9:5-52:19
61        android:appComponentFactory="androidx.core.app.CoreComponentFactory"
61-->[androidx.core:core:1.13.1] AndroidManifest.xml:28:18-86
62        android:extractNativeLibs="true"
63        android:icon="@mipmap/ic_launcher"
63-->src\main\AndroidManifest.xml:11:9-43
64        android:label="study_time_planner" >
64-->src\main\AndroidManifest.xml:10:9-43
65
66        <!-- مستقبل الإشعارات -->
67        <receiver
67-->src\main\AndroidManifest.xml:14:9-16:39
68            android:name="me.carda.awesome_notifications.notifications.receivers.AwesomeNotificationsReceiver"
68-->src\main\AndroidManifest.xml:15:13-111
69            android:exported="true" />
69-->src\main\AndroidManifest.xml:16:13-36
70
71        <!-- يعمل بعد إعادة تشغيل الجهاز لإعادة تفعيل الإشعارات -->
72        <receiver
72-->src\main\AndroidManifest.xml:19:9-26:20
73            android:name="me.carda.awesome_notifications.notifications.receivers.AwesomeBootReceiver"
73-->src\main\AndroidManifest.xml:20:13-102
74            android:exported="true"
74-->src\main\AndroidManifest.xml:21:13-36
75            android:permission="android.permission.RECEIVE_BOOT_COMPLETED" >
75-->src\main\AndroidManifest.xml:22:13-75
76            <intent-filter>
76-->src\main\AndroidManifest.xml:23:13-25:29
77                <action android:name="android.intent.action.BOOT_COMPLETED" />
77-->src\main\AndroidManifest.xml:24:17-79
77-->src\main\AndroidManifest.xml:24:25-76
78            </intent-filter>
79        </receiver>
80
81        <!-- الشاشة الرئيسية للتطبيق -->
82        <activity
82-->src\main\AndroidManifest.xml:29:9-47:20
83            android:name="com.example.study_time_planner.MainActivity"
83-->src\main\AndroidManifest.xml:30:13-41
84            android:configChanges="orientation|keyboardHidden|keyboard|screenSize|smallestScreenSize|locale|layoutDirection|fontScale|screenLayout|density|uiMode"
84-->src\main\AndroidManifest.xml:36:13-163
85            android:exported="true"
85-->src\main\AndroidManifest.xml:31:13-36
86            android:hardwareAccelerated="true"
86-->src\main\AndroidManifest.xml:34:13-47
87            android:launchMode="singleTop"
87-->src\main\AndroidManifest.xml:32:13-43
88            android:taskAffinity=""
88-->src\main\AndroidManifest.xml:37:13-36
89            android:theme="@style/LaunchTheme"
89-->src\main\AndroidManifest.xml:33:13-47
90            android:windowSoftInputMode="adjustResize" >
90-->src\main\AndroidManifest.xml:35:13-55
91            <meta-data
91-->src\main\AndroidManifest.xml:39:13-41:57
92                android:name="io.flutter.embedding.android.NormalTheme"
92-->src\main\AndroidManifest.xml:40:17-72
93                android:resource="@style/NormalTheme" />
93-->src\main\AndroidManifest.xml:41:17-54
94
95            <intent-filter>
95-->src\main\AndroidManifest.xml:43:13-46:29
96                <action android:name="android.intent.action.MAIN" />
96-->src\main\AndroidManifest.xml:44:17-69
96-->src\main\AndroidManifest.xml:44:25-66
97
98                <category android:name="android.intent.category.LAUNCHER" />
98-->src\main\AndroidManifest.xml:45:17-77
98-->src\main\AndroidManifest.xml:45:27-74
99            </intent-filter>
100        </activity>
101
102        <meta-data
102-->src\main\AndroidManifest.xml:49:9-51:33
103            android:name="flutterEmbedding"
103-->src\main\AndroidManifest.xml:50:13-44
104            android:value="2" />
104-->src\main\AndroidManifest.xml:51:13-30
105
106        <receiver
106-->[:awesome_notifications] AndroidManifest.xml:13:9-15:39
107            android:name="me.carda.awesome_notifications.DartNotificationActionReceiver"
107-->[:awesome_notifications] AndroidManifest.xml:14:13-89
108            android:exported="true" />
108-->[:awesome_notifications] AndroidManifest.xml:15:13-36
109        <receiver
109-->[:awesome_notifications] AndroidManifest.xml:16:9-18:39
110            android:name="me.carda.awesome_notifications.DartDismissedNotificationReceiver"
110-->[:awesome_notifications] AndroidManifest.xml:17:13-92
111            android:exported="true" />
111-->[:awesome_notifications] AndroidManifest.xml:18:13-36
112        <receiver
112-->[:awesome_notifications] AndroidManifest.xml:19:9-21:39
113            android:name="me.carda.awesome_notifications.DartScheduledNotificationReceiver"
113-->[:awesome_notifications] AndroidManifest.xml:20:13-92
114            android:exported="true" />
114-->[:awesome_notifications] AndroidManifest.xml:21:13-36
115        <receiver
115-->[:awesome_notifications] AndroidManifest.xml:22:9-36:20
116            android:name="me.carda.awesome_notifications.DartRefreshSchedulesReceiver"
116-->[:awesome_notifications] AndroidManifest.xml:23:13-87
117            android:enabled="true"
117-->[:awesome_notifications] AndroidManifest.xml:24:13-35
118            android:exported="true" >
118-->[:awesome_notifications] AndroidManifest.xml:25:13-36
119            <intent-filter>
119-->[:awesome_notifications] AndroidManifest.xml:26:13-35:29
120                <category android:name="android.intent.category.DEFAULT" />
120-->[:awesome_notifications] AndroidManifest.xml:27:17-76
120-->[:awesome_notifications] AndroidManifest.xml:27:27-73
121
122                <action android:name="android.intent.action.BOOT_COMPLETED" />
122-->src\main\AndroidManifest.xml:24:17-79
122-->src\main\AndroidManifest.xml:24:25-76
123                <action android:name="android.intent.action.LOCKED_BOOT_COMPLETED" />
123-->[:awesome_notifications] AndroidManifest.xml:30:17-86
123-->[:awesome_notifications] AndroidManifest.xml:30:25-83
124                <action android:name="android.intent.action.MY_PACKAGE_REPLACED" />
124-->[:awesome_notifications] AndroidManifest.xml:31:17-84
124-->[:awesome_notifications] AndroidManifest.xml:31:25-81
125                <action android:name="android.intent.action.QUICKBOOT_POWERON" />
125-->[:awesome_notifications] AndroidManifest.xml:32:17-82
125-->[:awesome_notifications] AndroidManifest.xml:32:25-79
126                <action android:name="com.htc.intent.action.QUICKBOOT_POWERON" />
126-->[:awesome_notifications] AndroidManifest.xml:33:17-82
126-->[:awesome_notifications] AndroidManifest.xml:33:25-79
127                <action android:name="android.app.action.SCHEDULE_EXACT_ALARM_PERMISSION_STATE_CHANGED" />
127-->[:awesome_notifications] AndroidManifest.xml:34:17-107
127-->[:awesome_notifications] AndroidManifest.xml:34:25-104
128            </intent-filter>
129        </receiver>
130
131        <service
131-->[:awesome_notifications] AndroidManifest.xml:38:9-41:72
132            android:name="me.carda.awesome_notifications.DartBackgroundService"
132-->[:awesome_notifications] AndroidManifest.xml:39:13-80
133            android:exported="false"
133-->[:awesome_notifications] AndroidManifest.xml:40:13-37
134            android:permission="android.permission.BIND_JOB_SERVICE" />
134-->[:awesome_notifications] AndroidManifest.xml:41:13-69
135        <service
135-->[:awesome_notifications] AndroidManifest.xml:42:9-47:43
136            android:name="me.carda.awesome_notifications.core.services.ForegroundService"
136-->[:awesome_notifications] AndroidManifest.xml:43:13-90
137            android:enabled="true"
137-->[:awesome_notifications] AndroidManifest.xml:44:13-35
138            android:exported="false"
138-->[:awesome_notifications] AndroidManifest.xml:45:13-37
139            android:foregroundServiceType="phoneCall"
139-->[:awesome_notifications] AndroidManifest.xml:46:13-54
140            android:stopWithTask="true" />
140-->[:awesome_notifications] AndroidManifest.xml:47:13-40
141        <service
141-->[:cloud_firestore] AndroidManifest.xml:8:9-12:19
142            android:name="com.google.firebase.components.ComponentDiscoveryService"
142-->[:cloud_firestore] AndroidManifest.xml:8:18-89
143            android:directBootAware="true"
143-->[com.google.firebase:firebase-common:20.4.3] AndroidManifest.xml:32:13-43
144            android:exported="false" >
144-->[com.google.firebase:firebase-firestore:24.11.0] AndroidManifest.xml:16:13-37
145            <meta-data
145-->[:cloud_firestore] AndroidManifest.xml:9:13-11:85
146                android:name="com.google.firebase.components:io.flutter.plugins.firebase.firestore.FlutterFirebaseFirestoreRegistrar"
146-->[:cloud_firestore] AndroidManifest.xml:10:17-134
147                android:value="com.google.firebase.components.ComponentRegistrar" />
147-->[:cloud_firestore] AndroidManifest.xml:11:17-82
148            <meta-data
148-->[:firebase_core] AndroidManifest.xml:9:13-11:85
149                android:name="com.google.firebase.components:io.flutter.plugins.firebase.core.FlutterFirebaseCoreRegistrar"
149-->[:firebase_core] AndroidManifest.xml:10:17-124
150                android:value="com.google.firebase.components.ComponentRegistrar" />
150-->[:firebase_core] AndroidManifest.xml:11:17-82
151            <meta-data
151-->[com.google.firebase:firebase-firestore:24.11.0] AndroidManifest.xml:17:13-19:85
152                android:name="com.google.firebase.components:com.google.firebase.firestore.FirebaseFirestoreKtxRegistrar"
152-->[com.google.firebase:firebase-firestore:24.11.0] AndroidManifest.xml:18:17-122
153                android:value="com.google.firebase.components.ComponentRegistrar" />
153-->[com.google.firebase:firebase-firestore:24.11.0] AndroidManifest.xml:19:17-82
154            <meta-data
154-->[com.google.firebase:firebase-firestore:24.11.0] AndroidManifest.xml:20:13-22:85
155                android:name="com.google.firebase.components:com.google.firebase.firestore.FirestoreRegistrar"
155-->[com.google.firebase:firebase-firestore:24.11.0] AndroidManifest.xml:21:17-111
156                android:value="com.google.firebase.components.ComponentRegistrar" />
156-->[com.google.firebase:firebase-firestore:24.11.0] AndroidManifest.xml:22:17-82
157            <meta-data
157-->[com.google.firebase:firebase-common-ktx:20.4.3] AndroidManifest.xml:12:13-14:85
158                android:name="com.google.firebase.components:com.google.firebase.ktx.FirebaseCommonLegacyRegistrar"
158-->[com.google.firebase:firebase-common-ktx:20.4.3] AndroidManifest.xml:13:17-116
159                android:value="com.google.firebase.components.ComponentRegistrar" />
159-->[com.google.firebase:firebase-common-ktx:20.4.3] AndroidManifest.xml:14:17-82
160            <meta-data
160-->[com.google.firebase:firebase-common:20.4.3] AndroidManifest.xml:35:13-37:85
161                android:name="com.google.firebase.components:com.google.firebase.FirebaseCommonKtxRegistrar"
161-->[com.google.firebase:firebase-common:20.4.3] AndroidManifest.xml:36:17-109
162                android:value="com.google.firebase.components.ComponentRegistrar" />
162-->[com.google.firebase:firebase-common:20.4.3] AndroidManifest.xml:37:17-82
163        </service>
164        <service
164-->[me.carda:AndroidAwnCore:0.9.3] AndroidManifest.xml:21:9-28:19
165            android:name="me.carda.awesome_notifications.core.managers.StatusBarManager"
165-->[me.carda:AndroidAwnCore:0.9.3] AndroidManifest.xml:22:13-89
166            android:exported="true"
166-->[me.carda:AndroidAwnCore:0.9.3] AndroidManifest.xml:23:13-36
167            android:label="My Notification Listener Service" >
167-->[me.carda:AndroidAwnCore:0.9.3] AndroidManifest.xml:24:13-61
168            <intent-filter>
168-->[me.carda:AndroidAwnCore:0.9.3] AndroidManifest.xml:25:13-27:29
169                <action android:name="android.service.notification.NotificationListenerService" />
169-->[me.carda:AndroidAwnCore:0.9.3] AndroidManifest.xml:26:17-99
169-->[me.carda:AndroidAwnCore:0.9.3] AndroidManifest.xml:26:25-96
170            </intent-filter>
171        </service>
172        <service
172-->[androidx.room:room-runtime:2.5.0] AndroidManifest.xml:24:9-28:63
173            android:name="androidx.room.MultiInstanceInvalidationService"
173-->[androidx.room:room-runtime:2.5.0] AndroidManifest.xml:25:13-74
174            android:directBootAware="true"
174-->[androidx.room:room-runtime:2.5.0] AndroidManifest.xml:26:13-43
175            android:exported="false" />
175-->[androidx.room:room-runtime:2.5.0] AndroidManifest.xml:27:13-37
176
177        <activity
177-->[com.google.android.gms:play-services-base:18.0.1] AndroidManifest.xml:20:9-22:45
178            android:name="com.google.android.gms.common.api.GoogleApiActivity"
178-->[com.google.android.gms:play-services-base:18.0.1] AndroidManifest.xml:20:19-85
179            android:exported="false"
179-->[com.google.android.gms:play-services-base:18.0.1] AndroidManifest.xml:22:19-43
180            android:theme="@android:style/Theme.Translucent.NoTitleBar" />
180-->[com.google.android.gms:play-services-base:18.0.1] AndroidManifest.xml:21:19-78
181
182        <provider
182-->[com.google.firebase:firebase-common:20.4.3] AndroidManifest.xml:23:9-28:39
183            android:name="com.google.firebase.provider.FirebaseInitProvider"
183-->[com.google.firebase:firebase-common:20.4.3] AndroidManifest.xml:24:13-77
184            android:authorities="com.example.study_time_planner.firebaseinitprovider"
184-->[com.google.firebase:firebase-common:20.4.3] AndroidManifest.xml:25:13-72
185            android:directBootAware="true"
185-->[com.google.firebase:firebase-common:20.4.3] AndroidManifest.xml:26:13-43
186            android:exported="false"
186-->[com.google.firebase:firebase-common:20.4.3] AndroidManifest.xml:27:13-37
187            android:initOrder="100" />
187-->[com.google.firebase:firebase-common:20.4.3] AndroidManifest.xml:28:13-36
188
189        <uses-library
189-->[androidx.window:window:1.2.0] AndroidManifest.xml:23:9-25:40
190            android:name="androidx.window.extensions"
190-->[androidx.window:window:1.2.0] AndroidManifest.xml:24:13-54
191            android:required="false" />
191-->[androidx.window:window:1.2.0] AndroidManifest.xml:25:13-37
192        <uses-library
192-->[androidx.window:window:1.2.0] AndroidManifest.xml:26:9-28:40
193            android:name="androidx.window.sidecar"
193-->[androidx.window:window:1.2.0] AndroidManifest.xml:27:13-51
194            android:required="false" />
194-->[androidx.window:window:1.2.0] AndroidManifest.xml:28:13-37
195
196        <meta-data
196-->[com.google.android.gms:play-services-basement:18.3.0] AndroidManifest.xml:21:9-23:69
197            android:name="com.google.android.gms.version"
197-->[com.google.android.gms:play-services-basement:18.3.0] AndroidManifest.xml:22:13-58
198            android:value="@integer/google_play_services_version" />
198-->[com.google.android.gms:play-services-basement:18.3.0] AndroidManifest.xml:23:13-66
199
200        <provider
200-->[androidx.emoji2:emoji2:1.2.0] AndroidManifest.xml:24:9-32:20
201            android:name="androidx.startup.InitializationProvider"
201-->[androidx.emoji2:emoji2:1.2.0] AndroidManifest.xml:25:13-67
202            android:authorities="com.example.study_time_planner.androidx-startup"
202-->[androidx.emoji2:emoji2:1.2.0] AndroidManifest.xml:26:13-68
203            android:exported="false" >
203-->[androidx.emoji2:emoji2:1.2.0] AndroidManifest.xml:27:13-37
204            <meta-data
204-->[androidx.emoji2:emoji2:1.2.0] AndroidManifest.xml:29:13-31:52
205                android:name="androidx.emoji2.text.EmojiCompatInitializer"
205-->[androidx.emoji2:emoji2:1.2.0] AndroidManifest.xml:30:17-75
206                android:value="androidx.startup" />
206-->[androidx.emoji2:emoji2:1.2.0] AndroidManifest.xml:31:17-49
207            <meta-data
207-->[androidx.lifecycle:lifecycle-process:2.7.0] AndroidManifest.xml:29:13-31:52
208                android:name="androidx.lifecycle.ProcessLifecycleInitializer"
208-->[androidx.lifecycle:lifecycle-process:2.7.0] AndroidManifest.xml:30:17-78
209                android:value="androidx.startup" />
209-->[androidx.lifecycle:lifecycle-process:2.7.0] AndroidManifest.xml:31:17-49
210            <meta-data
210-->[androidx.profileinstaller:profileinstaller:1.3.1] AndroidManifest.xml:29:13-31:52
211                android:name="androidx.profileinstaller.ProfileInstallerInitializer"
211-->[androidx.profileinstaller:profileinstaller:1.3.1] AndroidManifest.xml:30:17-85
212                android:value="androidx.startup" />
212-->[androidx.profileinstaller:profileinstaller:1.3.1] AndroidManifest.xml:31:17-49
213        </provider>
214
215        <receiver
215-->[androidx.profileinstaller:profileinstaller:1.3.1] AndroidManifest.xml:34:9-52:20
216            android:name="androidx.profileinstaller.ProfileInstallReceiver"
216-->[androidx.profileinstaller:profileinstaller:1.3.1] AndroidManifest.xml:35:13-76
217            android:directBootAware="false"
217-->[androidx.profileinstaller:profileinstaller:1.3.1] AndroidManifest.xml:36:13-44
218            android:enabled="true"
218-->[androidx.profileinstaller:profileinstaller:1.3.1] AndroidManifest.xml:37:13-35
219            android:exported="true"
219-->[androidx.profileinstaller:profileinstaller:1.3.1] AndroidManifest.xml:38:13-36
220            android:permission="android.permission.DUMP" >
220-->[androidx.profileinstaller:profileinstaller:1.3.1] AndroidManifest.xml:39:13-57
221            <intent-filter>
221-->[androidx.profileinstaller:profileinstaller:1.3.1] AndroidManifest.xml:40:13-42:29
222                <action android:name="androidx.profileinstaller.action.INSTALL_PROFILE" />
222-->[androidx.profileinstaller:profileinstaller:1.3.1] AndroidManifest.xml:41:17-91
222-->[androidx.profileinstaller:profileinstaller:1.3.1] AndroidManifest.xml:41:25-88
223            </intent-filter>
224            <intent-filter>
224-->[androidx.profileinstaller:profileinstaller:1.3.1] AndroidManifest.xml:43:13-45:29
225                <action android:name="androidx.profileinstaller.action.SKIP_FILE" />
225-->[androidx.profileinstaller:profileinstaller:1.3.1] AndroidManifest.xml:44:17-85
225-->[androidx.profileinstaller:profileinstaller:1.3.1] AndroidManifest.xml:44:25-82
226            </intent-filter>
227            <intent-filter>
227-->[androidx.profileinstaller:profileinstaller:1.3.1] AndroidManifest.xml:46:13-48:29
228                <action android:name="androidx.profileinstaller.action.SAVE_PROFILE" />
228-->[androidx.profileinstaller:profileinstaller:1.3.1] AndroidManifest.xml:47:17-88
228-->[androidx.profileinstaller:profileinstaller:1.3.1] AndroidManifest.xml:47:25-85
229            </intent-filter>
230            <intent-filter>
230-->[androidx.profileinstaller:profileinstaller:1.3.1] AndroidManifest.xml:49:13-51:29
231                <action android:name="androidx.profileinstaller.action.BENCHMARK_OPERATION" />
231-->[androidx.profileinstaller:profileinstaller:1.3.1] AndroidManifest.xml:50:17-95
231-->[androidx.profileinstaller:profileinstaller:1.3.1] AndroidManifest.xml:50:25-92
232            </intent-filter>
233        </receiver>
234    </application>
235
236</manifest>